<?xml version="1.0" encoding="UTF-8"?>
<testsuite xmlns:xsi="http://www.w3.org/2001/XMLSchema-instance" xsi:noNamespaceSchemaLocation="https://maven.apache.org/surefire/maven-surefire-plugin/xsd/surefire-test-report-3.0.xsd" version="3.0" name="co.edu.eci.blueprints.BlueprintsSmokeTest" time="15.133" tests="1" errors="0" skipped="0" failures="0">
  <properties>
[...]
</properties>
  <testcase name="contextLoads" classname="co.edu.eci.blueprints.BlueprintsSmokeTest" time="2.547">
    <system-out><![CDATA[08:24:20.547 [main] INFO org.springframework.test.context.support.AnnotationConfigContextLoaderUtils -- Could not detect default configuration classes for test class [co.edu.eci.blueprints.BlueprintsSmokeTest]: BlueprintsSmokeTest does not declare any static, non-private, non-final, nested classes annotated with @Configuration.
08:24:20.949 [main] INFO org.springframework.boot.test.context.SpringBootTestContextBootstrapper -- Found @SpringBootConfiguration co.edu.eci.blueprints.BlueprintsApiApplication for test class co.edu.eci.blueprints.BlueprintsSmokeTest

  .   ____          _            __ _ _
 /\\ / ___'_ __ _ _(_)_ __  __ _ \ \ \ \
( ( )\___ | '_ | '_| | '_ \/ _` | \ \ \ \
 \\/  ___)| |_)| | | | | || (_| |  ) ) ) )
  '  |____| .__|_| |_|_| |_\__, | / / / /
 =========|_|==============|___/=/_/_/_/

 :: Spring Boot ::                (v3.3.2)

2026-09-11T08:24:22.701-05:00  INFO 21468 --- [           main] c.e.eci.blueprints.BlueprintsSmokeTest   : Starting BlueprintsSmokeTest using Java 21.0.8 with PID 21468 (started by samue in C:\Users\samue\Documents\programacion\Universidad\ARSW\Lab34\Lab4_Castelblanco_Gomez)
2026-09-11T08:24:22.711-05:00  INFO 21468 --- [           main] c.e.eci.blueprints.BlueprintsSmokeTest   : No active profile set, falling back to 1 default profile: "default"
2026-09-11T08:24:32.432-05:00  INFO 21468 --- [           main] c.e.eci.blueprints.BlueprintsSmokeTest   : Started BlueprintsSmokeTest in 10.979 seconds (process running for 14.358)
]]></system-out>
    <system-err><![CDATA[WARNING: A Java agent has been loaded dynamically (C:\Users\samue\.m2\repository\net\bytebuddy\byte-buddy-agent\1.14.18\byte-buddy-agent-1.14.18.jar)
WARNING: If a serviceability tool is in use, please run with -XX:+EnableDynamicAgentLoading to hide this warning
WARNING: If a serviceability tool is not in use, please run with -Djdk.instrument.traceUsage for more information
WARNING: Dynamic loading of agents will be disallowed by default in a future release
]]></system-err>
  </testcase>
</testsuite>